TN:
SF:src/json2mongo.js
FN:4,json2mongo
FNF:1
FNH:1
FNDA:21,json2mongo
DA:1,1
DA:2,1
DA:3,1
DA:4,21
DA:5,21
DA:6,39
DA:7,39
DA:8,39
DA:9,39
DA:10,39
DA:11,1
DA:12,1
DA:13,39
DA:14,1
DA:15,1
DA:16,39
DA:17,1
DA:18,1
DA:19,1
DA:20,39
DA:21,1
DA:22,1
DA:23,39
DA:24,39
DA:25,2
DA:26,2
DA:27,39
DA:28,1
DA:29,1
DA:30,39
DA:31,39
DA:32,39
DA:33,2
DA:34,2
DA:35,2
DA:36,39
DA:37,3
DA:38,3
DA:39,39
DA:40,1
DA:41,1
DA:42,39
DA:43,1
DA:44,1
DA:45,39
DA:46,2
DA:47,2
DA:48,39
DA:49,23
DA:50,39
DA:51,20
DA:52,20
DA:53,39
DA:54,5
DA:55,21
DA:56,1
DA:57,1
LF:57
LH:57
BRDA:1,0,0,1
BRDA:4,1,0,21
BRDA:5,2,0,39
BRDA:9,3,0,1
BRDA:10,4,0,1
BRDA:13,5,0,1
BRDA:16,6,0,1
BRDA:20,7,0,1
BRDA:23,8,0,2
BRDA:24,9,0,2
BRDA:27,10,0,1
BRDA:30,11,0,2
BRDA:31,12,0,2
BRDA:32,13,0,2
BRDA:33,14,0,0
BRDA:36,15,0,3
BRDA:39,16,0,1
BRDA:42,17,0,1
BRDA:45,18,0,2
BRDA:46,19,0,1
BRDA:46,20,0,1
BRDA:49,21,0,23
BRDA:50,22,0,20
BRDA:54,23,0,5
BRF:24
BRH:23
end_of_record
